2026/07/02 19:05:39 [audit] log_file=cdk-audit-20260702T110539Z.log
2026/07/02 19:05:39 [audit] start_time=2026-07-02T11:05:39Z
2026/07/02 19:05:39 [audit] argv=/tmp/cdk-test eva --no-gating
2026/07/02 19:05:39 [audit] operator=Ikonw auth_id=unset host=Ikonw-de-macbook binary_sha256=faecca33e99ed5c89eccac5435743dea9415282cc34359e67f95c1062920b9ab
2026/07/02 19:05:39 [runtime-fingerprint] container runtimes: 0, hypervisors: 0, linuxkit=false
2026/07/02 19:05:39 current dir: /Users/Ikonw/redteam/CDK
2026/07/02 19:05:39 current user: Ikonw uid: 501 gid: 20 home: /Users/Ikonw
2026/07/02 19:05:39 hostname: Ikonw-de-macbook
2026/07/02 19:05:39 Standalone Workstation darwin 26.5.1 kernel: 25.5.0
2026/07/02 19:05:39 Setuid files found:
2026/07/02 19:05:39 sensitive env found:
	SSH_AUTH_SOCK=<redacted:sha256:5d265765fd53>
2026/07/02 19:05:39 sensitive env found:
	GOPATH=<redacted:sha256:5fb0bc9ad311>
2026/07/02 19:05:39 service found in process:
	49946	49933	java
2026/07/02 19:05:39 service found in process:
	49505	49484	java
2026/07/02 19:05:39 service found in process:
	27661	27648	java
2026/07/02 19:05:39 service found in process:
	23067	23048	java
2026/07/02 19:05:39 service found in process:
	83682	83668	java
2026/07/02 19:05:39 service found in process:
	78383	78364	java
2026/07/02 19:05:39 service found in process:
	45300	45281	java
2026/07/02 19:05:39 service found in process:
	18318	18307	java
2026/07/02 19:05:39 service found in process:
	16823	16812	java
2026/07/02 19:05:39 service found in process:
	10450	1	ssh-agent
2026/07/02 19:05:39 service found in process:
	973	1	JavaApplicationS
2026/07/02 19:05:39 service found in process:
	579	1	ruby
2026/07/02 19:05:39 service found in process:
	591	1	com.docker.vmnet
